Arguments: 
  C:\Program Files\nodejs\node.exe C:\Users\Taiga\AppData\Roaming\npm\node_modules\yarn\bin\yarn.js add @materail-ui/pickers@next

PATH: 
  C:\Program Files\Eclipse Adoptium\jdk-17.0.2.8-hotspot\bin;C:\Program Files (x86)\VMware\VMware Player\bin\;C:\Program Files (x86)\Common Files\Intel\Shared Libraries\redist\intel64\compiler;C:\Program Files\Common Files\Oracle\Java\javapath;C:\Program Files (x86)\Common Files\Oracle\Java\javapath;C:\WINDOWS\system32;C:\WINDOWS;C:\WINDOWS\System32\Wbem;C:\WINDOWS\System32\WindowsPowerShell\v1.0\;C:\WINDOWS\System32\OpenSSH\;C:\Program Files (x86)\Calibre2\;C:\Program Files\Go\bin;C:\Program Files\Git\cmd;C:\ProgramData\chocolatey\bin;C:\Program Files\nodejs\;C:\Program Files\OpenJDK\openjdk-11.0.15_10\bin;C:\Users\Taiga\AppData\Local\Programs\Python\Python39\Scripts\;C:\Users\Taiga\AppData\Local\Programs\Python\Python39\;C:\Users\Taiga\AppData\Local\Microsoft\WindowsApps;C:\Users\Taiga\AppData\Local\atom\bin;C:\Users\Taiga\AppData\Local\Programs\Microsoft VS Code\bin;C:\Users\Taiga\go\bin;C:\Program Files\heroku\bin;C:\Program Files\JetBrains\IntelliJ IDEA Educational Edition 2021.3.2\bin;;C:\Users\Taiga\AppData\Local\Microsoft\WindowsApps;C:\Users\Taiga\AppData\Local\Android\Sdk\platform-tools;C:\Users\Taiga\AppData\Roaming\npm;C:\Users\Taiga\AppData\Local\Android\Sdk;C:\Users\Taiga\AppData\Local\Programs\Python\Python39\Lib\site-packages;

Yarn version: 
  1.22.19

Node version: 
  16.15.1

Platform: 
  win32 x64

Trace: 
  Error: https://registry.yarnpkg.com/@materail-ui%2fpickers: Not found
      at Request.params.callback [as _callback] (C:\Users\Taiga\AppData\Roaming\npm\node_modules\yarn\lib\cli.js:66145:18)
      at Request.self.callback (C:\Users\Taiga\AppData\Roaming\npm\node_modules\yarn\lib\cli.js:140890:22)
      at Request.emit (node:events:527:28)
      at Request.<anonymous> (C:\Users\Taiga\AppData\Roaming\npm\node_modules\yarn\lib\cli.js:141862:10)
      at Request.emit (node:events:527:28)
      at IncomingMessage.<anonymous> (C:\Users\Taiga\AppData\Roaming\npm\node_modules\yarn\lib\cli.js:141784:12)
      at Object.onceWrapper (node:events:641:28)
      at IncomingMessage.emit (node:events:539:35)
      at endReadableNT (node:internal/streams/readable:1345:12)
      at processTicksAndRejections (node:internal/process/task_queues:83:21)

npm manifest: 
  {
    "dependencies": {
      "@material-ui/pickers": "^3.3.10",
      "@mui/x-date-pickers": "^5.0.0-beta.6",
      "moment": "^2.29.4"
    }
  }

yarn manifest: 
  No manifest

Lockfile: 
  # THIS IS AN AUTOGENERATED FILE. DO NOT EDIT THIS FILE DIRECTLY.
  # yarn lockfile v1
  
  
  "@babel/runtime@^7.17.2", "@babel/runtime@^7.18.6", "@babel/runtime@^7.3.1", "@babel/runtime@^7.4.4", "@babel/runtime@^7.5.5", "@babel/runtime@^7.6.0", "@babel/runtime@^7.8.3", "@babel/runtime@^7.8.7":
    "integrity" "sha512-lkqXDcvlFT5rvEjiu6+QYO+1GXrEHRo2LOtS7E4GtX5ESIZOgepqsZBVIj6Pv+a6zqsya9VCgiK1KAK4BvJDAw=="
    "resolved" "https://registry.npmjs.org/@babel/runtime/-/runtime-7.18.9.tgz"
    "version" "7.18.9"
    dependencies:
      "regenerator-runtime" "^0.13.4"
  
  "@date-io/core@^2.15.0":
    "integrity" "sha512-3CRvQUEK7aF87NUOwcTtmJ2Rc1kN0D4jFQUfRoanuAnE4o5HzHx4E2YenjaKjSPWeZYiWG6ZhDomx5hp1AaCJA=="
    "resolved" "https://registry.npmjs.org/@date-io/core/-/core-2.15.0.tgz"
    "version" "2.15.0"
  
  "@date-io/core@1.x":
    "integrity" "sha512-AlEKV7TxjeK+jxWVKcCFrfYAk8spX9aCyiToFIiLPtfQbsjmRGLIhb5VZgptQcJdHtLXo7+m0DuurwFgUToQuA=="
    "resolved" "https://registry.npmjs.org/@date-io/core/-/core-1.3.13.tgz"
    "version" "1.3.13"
  
  "@date-io/date-fns@^2.15.0":
    "integrity" "sha512-hkVeLm0jijHS2F9YVQcf0LSlD55w9xPvvIfuxDE0XWNXOTcRAAhqw2aqOxyeGbmHxc5U4HqyPZaqs9tfeTsomQ=="
    "resolved" "https://registry.npmjs.org/@date-io/date-fns/-/date-fns-2.15.0.tgz"
    "version" "2.15.0"
    dependencies:
      "@date-io/core" "^2.15.0"
  
  "@date-io/dayjs@^2.15.0":
    "integrity" "sha512-wgYzwaXr9KxkHNYxrOb1t8fYLfAdjIf0Q86qdVCwANObcvyGcPBm0uFtpPK7ApeE4DJUlbuG0IX75TtO+uITwQ=="
    "resolved" "https://registry.npmjs.org/@date-io/dayjs/-/dayjs-2.15.0.tgz"
    "version" "2.15.0"
    dependencies:
      "@date-io/core" "^2.15.0"
  
  "@date-io/luxon@^2.15.0":
    "integrity" "sha512-CxTRCo5AM96ainnYaTpe1NS9GiA78SIgXBScgeAresCS20AvMcOd5XKerDj+y/KLhbSQbU6WUDqG9QcsrImXyQ=="
    "resolved" "https://registry.npmjs.org/@date-io/luxon/-/luxon-2.15.0.tgz"
    "version" "2.15.0"
    dependencies:
      "@date-io/core" "^2.15.0"
  
  "@date-io/moment@^2.15.0":
    "integrity" "sha512-AcYBjl3EnEGsByaM5ir644CKbhgJsgc1iWFa9EXfdb4fQexxOC8oCdPAurK2ZDTwg62odyyKa/05YE7ElYh5ag=="
    "resolved" "https://registry.npmjs.org/@date-io/moment/-/moment-2.15.0.tgz"
    "version" "2.15.0"
    dependencies:
      "@date-io/core" "^2.15.0"
  
  "@emotion/cache@^11.9.3":
    "integrity" "sha512-uZTj3Yz5D69GE25iFZcIQtibnVCFsc/6+XIozyL3ycgWvEdif2uEw9wlUt6umjLr4Keg9K6xRPHmD8LGi+6p1A=="
    "resolved" "https://registry.npmjs.org/@emotion/cache/-/cache-11.10.1.tgz"
    "version" "11.10.1"
    dependencies:
      "@emotion/memoize" "^0.8.0"
      "@emotion/sheet" "^1.2.0"
      "@emotion/utils" "^1.2.0"
      "@emotion/weak-memoize" "^0.3.0"
      "stylis" "4.0.13"
  
  "@emotion/hash@^0.8.0":
    "integrity" "sha512-kBJtf7PH6aWwZ6fka3zQ0p6SBYzx4fl1LoZXE2RrnYST9Xljm7WfKJrU4g/Xr3Beg72MLrp1AWNUmuYJTL7Cow=="
    "resolved" "https://registry.npmjs.org/@emotion/hash/-/hash-0.8.0.tgz"
    "version" "0.8.0"
  
  "@emotion/is-prop-valid@^1.1.3":
    "integrity" "sha512-3aDpDprjM0AwaxGE09bOPkNxHpBd+kA6jty3RnaEXdweX1DF1U3VQpPYb0g1IStAuK7SVQ1cy+bNBBKp4W3Fjg=="
    "resolved" "https://registry.npmjs.org/@emotion/is-prop-valid/-/is-prop-valid-1.2.0.tgz"
    "version" "1.2.0"
    dependencies:
      "@emotion/memoize" "^0.8.0"
  
  "@emotion/memoize@^0.8.0":
    "integrity" "sha512-G/YwXTkv7Den9mXDO7AhLWkE3q+I92B+VqAE+dYG4NGPaHZGvt3G8Q0p9vmE+sq7rTGphUbAvmQ9YpbfMQGGlA=="
    "resolved" "https://registry.npmjs.org/@emotion/memoize/-/memoize-0.8.0.tgz"
    "version" "0.8.0"
  
  "@emotion/sheet@^1.2.0":
    "integrity" "sha512-OiTkRgpxescko+M51tZsMq7Puu/KP55wMT8BgpcXVG2hqXc0Vo0mfymJ/Uj24Hp0i083ji/o0aLddh08UEjq8w=="
    "resolved" "https://registry.npmjs.org/@emotion/sheet/-/sheet-1.2.0.tgz"
    "version" "1.2.0"
  
  "@emotion/utils@^1.2.0":
    "integrity" "sha512-sn3WH53Kzpw8oQ5mgMmIzzyAaH2ZqFEbozVVBSYp538E06OSE6ytOp7pRAjNQR+Q/orwqdQYJSe2m3hCOeznkw=="
    "resolved" "https://registry.npmjs.org/@emotion/utils/-/utils-1.2.0.tgz"
    "version" "1.2.0"
  
  "@emotion/weak-memoize@^0.3.0":
    "integrity" "sha512-AHPmaAx+RYfZz0eYu6Gviiagpmiyw98ySSlQvCUhVGDRtDFe4DBS0x1bSjdF3gqUDYOczB+yYvBTtEylYSdRhg=="
    "resolved" "https://registry.npmjs.org/@emotion/weak-memoize/-/weak-memoize-0.3.0.tgz"
    "version" "0.3.0"
  
  "@material-ui/core@^4.0.0":
    "integrity" "sha512-tr7xekNlM9LjA6pagJmL8QCgZXaubWUwkJnoYcMKd4gw/t4XiyvnTkjdGrUVicyB2BsdaAv1tvow45bPM4sSwQ=="
    "resolved" "https://registry.npmjs.org/@material-ui/core/-/core-4.12.4.tgz"
    "version" "4.12.4"
    dependencies:
      "@babel/runtime" "^7.4.4"
      "@material-ui/styles" "^4.11.5"
      "@material-ui/system" "^4.12.2"
      "@material-ui/types" "5.1.0"
      "@material-ui/utils" "^4.11.3"
      "@types/react-transition-group" "^4.2.0"
      "clsx" "^1.0.4"
      "hoist-non-react-statics" "^3.3.2"
      "popper.js" "1.16.1-lts"
      "prop-types" "^15.7.2"
      "react-is" "^16.8.0 || ^17.0.0"
      "react-transition-group" "^4.4.0"
  
  "@material-ui/pickers@^3.3.10":
    "integrity" "sha512-hS4pxwn1ZGXVkmgD4tpFpaumUaAg2ZzbTrxltfC5yPw4BJV+mGkfnQOB4VpWEYZw2jv65Z0wLwDE/piQiPPZ3w=="
    "resolved" "https://registry.npmjs.org/@material-ui/pickers/-/pickers-3.3.10.tgz"
    "version" "3.3.10"
    dependencies:
      "@babel/runtime" "^7.6.0"
      "@date-io/core" "1.x"
      "@types/styled-jsx" "^2.2.8"
      "clsx" "^1.0.2"
      "react-transition-group" "^4.0.0"
      "rifm" "^0.7.0"
  
  "@material-ui/styles@^4.11.5":
    "integrity" "sha512-o/41ot5JJiUsIETME9wVLAJrmIWL3j0R0Bj2kCOLbSfqEkKf0fmaPt+5vtblUh5eXr2S+J/8J3DaCb10+CzPGA=="
    "resolved" "https://registry.npmjs.org/@material-ui/styles/-/styles-4.11.5.tgz"
    "version" "4.11.5"
    dependencies:
      "@babel/runtime" "^7.4.4"
      "@emotion/hash" "^0.8.0"
      "@material-ui/types" "5.1.0"
      "@material-ui/utils" "^4.11.3"
      "clsx" "^1.0.4"
      "csstype" "^2.5.2"
      "hoist-non-react-statics" "^3.3.2"
      "jss" "^10.5.1"
      "jss-plugin-camel-case" "^10.5.1"
      "jss-plugin-default-unit" "^10.5.1"
      "jss-plugin-global" "^10.5.1"
      "jss-plugin-nested" "^10.5.1"
      "jss-plugin-props-sort" "^10.5.1"
      "jss-plugin-rule-value-function" "^10.5.1"
      "jss-plugin-vendor-prefixer" "^10.5.1"
      "prop-types" "^15.7.2"
  
  "@material-ui/system@^4.12.2":
    "integrity" "sha512-6CSKu2MtmiJgcCGf6nBQpM8fLkuB9F55EKfbdTC80NND5wpTmKzwdhLYLH3zL4cLlK0gVaaltW7/wMuyTnN0Lw=="
    "resolved" "https://registry.npmjs.org/@material-ui/system/-/system-4.12.2.tgz"
    "version" "4.12.2"
    dependencies:
      "@babel/runtime" "^7.4.4"
      "@material-ui/utils" "^4.11.3"
      "csstype" "^2.5.2"
      "prop-types" "^15.7.2"
  
  "@material-ui/types@5.1.0":
    "integrity" "sha512-7cqRjrY50b8QzRSYyhSpx4WRw2YuO0KKIGQEVk5J8uoz2BanawykgZGoWEqKm7pVIbzFDN0SpPcVV4IhOFkl8A=="
    "resolved" "https://registry.npmjs.org/@material-ui/types/-/types-5.1.0.tgz"
    "version" "5.1.0"
  
  "@material-ui/utils@^4.11.3":
    "integrity" "sha512-ZuQPV4rBK/V1j2dIkSSEcH5uT6AaHuKWFfotADHsC0wVL1NLd2WkFCm4ZZbX33iO4ydl6V0GPngKm8HZQ2oujg=="
    "resolved" "https://registry.npmjs.org/@material-ui/utils/-/utils-4.11.3.tgz"
    "version" "4.11.3"
    dependencies:
      "@babel/runtime" "^7.4.4"
      "prop-types" "^15.7.2"
      "react-is" "^16.8.0 || ^17.0.0"
  
  "@mui/base@5.0.0-alpha.93":
    "integrity" "sha512-IVUWO0NNlELDc9FD7mM+fWTS1/6n5sJYdIbXpLQ00NjWdVEYmTyRgUAZDlJJJrz+tbF0eeffx0kOsvJvyTZlsA=="
    "resolved" "https://registry.npmjs.org/@mui/base/-/base-5.0.0-alpha.93.tgz"
    "version" "5.0.0-alpha.93"
    dependencies:
      "@babel/runtime" "^7.17.2"
      "@emotion/is-prop-valid" "^1.1.3"
      "@mui/types" "^7.1.5"
      "@mui/utils" "^5.9.3"
      "@popperjs/core" "^2.11.6"
      "clsx" "^1.2.1"
      "prop-types" "^15.8.1"
      "react-is" "^18.2.0"
  
  "@mui/core-downloads-tracker@^5.10.1":
    "integrity" "sha512-zyzLkVSqi+WuxG8UZrrOaWbhHkDK+MlHFjLpL+vqUVU6iSUaDYREu1xoLWEQsWOznT4oT2iEiGZLpQLgkn+WiA=="
    "resolved" "https://registry.npmjs.org/@mui/core-downloads-tracker/-/core-downloads-tracker-5.10.1.tgz"
    "version" "5.10.1"
  
  "@mui/material@^5.4.1":
    "integrity" "sha512-E9fhskX6TwUdAzpL5+yoAzRxb6wY4oBqmBVlgUuLndSwPRYxXoGu+z74NxbDEkxUoHdb7vrDcRTswpB6ykDITQ=="
    "resolved" "https://registry.npmjs.org/@mui/material/-/material-5.10.1.tgz"
    "version" "5.10.1"
    dependencies:
      "@babel/runtime" "^7.17.2"
      "@mui/base" "5.0.0-alpha.93"
      "@mui/core-downloads-tracker" "^5.10.1"
      "@mui/system" "^5.10.1"
      "@mui/types" "^7.1.5"
      "@mui/utils" "^5.9.3"
      "@types/react-transition-group" "^4.4.5"
      "clsx" "^1.2.1"
      "csstype" "^3.1.0"
      "prop-types" "^15.8.1"
      "react-is" "^18.2.0"
      "react-transition-group" "^4.4.5"
  
  "@mui/private-theming@^5.9.3":
    "integrity" "sha512-Ys3WO39WqoGciGX9k5AIi/k2zJhlydv4FzlEEwtw9OqdMaV0ydK/TdZekKzjP9sTI/JcdAP3H5DWtUaPLQJjWg=="
    "resolved" "https://registry.npmjs.org/@mui/private-theming/-/private-theming-5.9.3.tgz"
    "version" "5.9.3"
    dependencies:
      "@babel/runtime" "^7.17.2"
      "@mui/utils" "^5.9.3"
      "prop-types" "^15.8.1"
  
  "@mui/styled-engine@^5.10.1":
    "integrity" "sha512-xiQp6wvSLpMcRCOExbRSvkHf6gIQ/eeK7mx/Re6BtPPYIx6OerPwia+23uVIop/k4Bs5D+w7Rv2yXYJxo5rMSQ=="
    "resolved" "https://registry.npmjs.org/@mui/styled-engine/-/styled-engine-5.10.1.tgz"
    "version" "5.10.1"
    dependencies:
      "@babel/runtime" "^7.17.2"
      "@emotion/cache" "^11.9.3"
      "csstype" "^3.1.0"
      "prop-types" "^15.8.1"
  
  "@mui/system@^5.10.1", "@mui/system@^5.4.1":
    "integrity" "sha512-Ix8LVAMtVrNtmncK0yc5llHWlZKCm9okbw8QMnWbI5UH+nI9qhtf+Aure4p5ei6dGKdil++lukar/GxCjfzRSg=="
    "resolved" "https://registry.npmjs.org/@mui/system/-/system-5.10.1.tgz"
    "version" "5.10.1"
    dependencies:
      "@babel/runtime" "^7.17.2"
      "@mui/private-theming" "^5.9.3"
      "@mui/styled-engine" "^5.10.1"
      "@mui/types" "^7.1.5"
      "@mui/utils" "^5.9.3"
      "clsx" "^1.2.1"
      "csstype" "^3.1.0"
      "prop-types" "^15.8.1"
  
  "@mui/types@^7.1.5":
    "integrity" "sha512-HnRXrxgHJYJcT8ZDdDCQIlqk0s0skOKD7eWs9mJgBUu70hyW4iA6Kiv3yspJR474RFH8hysKR65VVSzUSzkuwA=="
    "resolved" "https://registry.npmjs.org/@mui/types/-/types-7.1.5.tgz"
    "version" "7.1.5"
  
  "@mui/utils@^5.4.1", "@mui/utils@^5.9.3":
    "integrity" "sha512-l0N5bcrenE9hnwZ/jPecpIRqsDFHkPXoFUcmkgysaJwVZzJ3yQkGXB47eqmXX5yyGrSc6HksbbqXEaUya+siew=="
    "resolved" "https://registry.npmjs.org/@mui/utils/-/utils-5.9.3.tgz"
    "version" "5.9.3"
    dependencies:
      "@babel/runtime" "^7.17.2"
      "@types/prop-types" "^15.7.5"
      "@types/react-is" "^16.7.1 || ^17.0.0"
      "prop-types" "^15.8.1"
      "react-is" "^18.2.0"
  
  "@mui/x-date-pickers@^5.0.0-beta.6":
    "integrity" "sha512-8NS3s1uslmmZLl1KVCJ6eu9Wnago0EUdRb4NTCmJOwphE2w7cdI4LP+ZGRH7uWtkb6dQEmum1oumBAB3g4Ix+A=="
    "resolved" "https://registry.npmjs.org/@mui/x-date-pickers/-/x-date-pickers-5.0.0-beta.6.tgz"
    "version" "5.0.0-beta.6"
    dependencies:
      "@babel/runtime" "^7.18.6"
      "@date-io/core" "^2.15.0"
      "@date-io/date-fns" "^2.15.0"
      "@date-io/dayjs" "^2.15.0"
      "@date-io/luxon" "^2.15.0"
      "@date-io/moment" "^2.15.0"
      "@mui/utils" "^5.4.1"
      "@types/react-transition-group" "^4.4.5"
      "clsx" "^1.2.1"
      "prop-types" "^15.7.2"
      "react-transition-group" "^4.4.5"
      "rifm" "^0.12.1"
  
  "@popperjs/core@^2.11.6":
    "integrity" "sha512-50/17A98tWUfQ176raKiOGXuYpLyyVMkxxG6oylzL3BPOlA6ADGdK7EYunSa4I064xerltq9TGXs8HmOk5E+vw=="
    "resolved" "https://registry.npmjs.org/@popperjs/core/-/core-2.11.6.tgz"
    "version" "2.11.6"
  
  "@types/prop-types@*", "@types/prop-types@^15.7.5":
    "integrity" "sha512-JCB8C6SnDoQf0cNycqd/35A7MjcnK+ZTqE7judS6o7utxUCg6imJg3QK2qzHKszlTjcj2cn+NwMB2i96ubpj7w=="
    "resolved" "https://registry.npmjs.org/@types/prop-types/-/prop-types-15.7.5.tgz"
    "version" "15.7.5"
  
  "@types/react-is@^16.7.1 || ^17.0.0":
    "integrity" "sha512-aBTIWg1emtu95bLTLx0cpkxwGW3ueZv71nE2YFBpL8k/z5czEW8yYpOo8Dp+UUAFAtKwNaOsh/ioSeQnWlZcfw=="
    "resolved" "https://registry.npmjs.org/@types/react-is/-/react-is-17.0.3.tgz"
    "version" "17.0.3"
    dependencies:
      "@types/react" "*"
  
  "@types/react-transition-group@^4.2.0", "@types/react-transition-group@^4.4.5":
    "integrity" "sha512-juKD/eiSM3/xZYzjuzH6ZwpP+/lejltmiS3QEzV/vmb/Q8+HfDmxu+Baga8UEMGBqV88Nbg4l2hY/K2DkyaLLA=="
    "resolved" "https://registry.npmjs.org/@types/react-transition-group/-/react-transition-group-4.4.5.tgz"
    "version" "4.4.5"
    dependencies:
      "@types/react" "*"
  
  "@types/react@*", "@types/react@^16.8.6 || ^17.0.0", "@types/react@^17.0.0 || ^18.0.0":
    "integrity" "sha512-zJ6IYlJ8cYYxiJfUaZOQee4lh99mFihBoqkOSEGV+dFi9leROW6+PgstzQ+w3gWTnUfskALtQPGHK6dYmPj+2A=="
    "resolved" "https://registry.npmjs.org/@types/react/-/react-17.0.48.tgz"
    "version" "17.0.48"
    dependencies:
      "@types/prop-types" "*"
      "@types/scheduler" "*"
      "csstype" "^3.0.2"
  
  "@types/scheduler@*":
    "integrity" "sha512-hppQEBDmlwhFAXKJX2KnWLYu5yMfi91yazPb2l+lbJiwW+wdo1gNeRA+3RgNSO39WYX2euey41KEwnqesU2Jew=="
    "resolved" "https://registry.npmjs.org/@types/scheduler/-/scheduler-0.16.2.tgz"
    "version" "0.16.2"
  
  "@types/styled-jsx@^2.2.8":
    "integrity" "sha512-W/iTlIkGEyTBGTEvZCey8EgQlQ5l0DwMqi3iOXlLs2kyBwYTXHKEiU6IZ5EwoRwngL8/dGYuzezSup89ttVHLw=="
    "resolved" "https://registry.npmjs.org/@types/styled-jsx/-/styled-jsx-2.2.9.tgz"
    "version" "2.2.9"
    dependencies:
      "@types/react" "*"
  
  "clsx@^1.0.2", "clsx@^1.0.4", "clsx@^1.2.1":
    "integrity" "sha512-EcR6r5a8bj6pu3ycsa/E/cKVGuTgZJZdsyUYHOksG/UHIiKfjxzRxYJpyVBwYaQeOvghal9fcc4PidlgzugAQg=="
    "resolved" "https://registry.npmjs.org/clsx/-/clsx-1.2.1.tgz"
    "version" "1.2.1"
  
  "css-vendor@^2.0.8":
    "integrity" "sha512-x9Aq0XTInxrkuFeHKbYC7zWY8ai7qJ04Kxd9MnvbC1uO5DagxoHQjm4JvG+vCdXOoFtCjbL2XSZfxmoYa9uQVQ=="
    "resolved" "https://registry.npmjs.org/css-vendor/-/css-vendor-2.0.8.tgz"
    "version" "2.0.8"
    dependencies:
      "@babel/runtime" "^7.8.3"
      "is-in-browser" "^1.0.2"
  
  "csstype@^2.5.2":
    "integrity" "sha512-/WwNkdXfckNgw6S5R125rrW8ez139lBHWouiBvX8dfMFtcn6V81REDqnH7+CRpRipfYlyU1CmOnOxrmGcFOjeA=="
    "resolved" "https://registry.npmjs.org/csstype/-/csstype-2.6.20.tgz"
    "version" "2.6.20"
  
  "csstype@^3.0.2":
    "integrity" "sha512-uX1KG+x9h5hIJsaKR9xHUeUraxf8IODOwq9JLNPq6BwB04a/xgpq3rcx47l5BZu5zBPlgD342tdke3Hom/nJRA=="
    "resolved" "https://registry.npmjs.org/csstype/-/csstype-3.1.0.tgz"
    "version" "3.1.0"
  
  "csstype@^3.1.0":
    "integrity" "sha512-uX1KG+x9h5hIJsaKR9xHUeUraxf8IODOwq9JLNPq6BwB04a/xgpq3rcx47l5BZu5zBPlgD342tdke3Hom/nJRA=="
    "resolved" "https://registry.npmjs.org/csstype/-/csstype-3.1.0.tgz"
    "version" "3.1.0"
  
  "dom-helpers@^5.0.1":
    "integrity" "sha512-nRCa7CK3VTrM2NmGkIy4cbK7IZlgBE/PYMn55rrXefr5xXDP0LdtfPnblFDoVdcAfslJ7or6iqAUnx0CCGIWQA=="
    "resolved" "https://registry.npmjs.org/dom-helpers/-/dom-helpers-5.2.1.tgz"
    "version" "5.2.1"
    dependencies:
      "@babel/runtime" "^7.8.7"
      "csstype" "^3.0.2"
  
  "hoist-non-react-statics@^3.3.2":
    "integrity" "sha512-/gGivxi8JPKWNm/W0jSmzcMPpfpPLc3dY/6GxhX2hQ9iGj3aDfklV4ET7NjKpSinLpJ5vafa9iiGIEZg10SfBw=="
    "resolved" "https://registry.npmjs.org/hoist-non-react-statics/-/hoist-non-react-statics-3.3.2.tgz"
    "version" "3.3.2"
    dependencies:
      "react-is" "^16.7.0"
  
  "hyphenate-style-name@^1.0.3":
    "integrity" "sha512-ygGZLjmXfPHj+ZWh6LwbC37l43MhfztxetbFCoYTM2VjkIUpeHgSNn7QIyVFj7YQ1Wl9Cbw5sholVJPzWvC2MQ=="
    "resolved" "https://registry.npmjs.org/hyphenate-style-name/-/hyphenate-style-name-1.0.4.tgz"
    "version" "1.0.4"
  
  "is-in-browser@^1.0.2", "is-in-browser@^1.1.3":
    "integrity" "sha512-FeXIBgG/CPGd/WUxuEyvgGTEfwiG9Z4EKGxjNMRqviiIIfsmgrpnHLffEDdwUHqNva1VEW91o3xBT/m8Elgl9g=="
    "resolved" "https://registry.npmjs.org/is-in-browser/-/is-in-browser-1.1.3.tgz"
    "version" "1.1.3"
  
  "js-tokens@^3.0.0 || ^4.0.0":
    "integrity" "sha512-RdJUflcE3cUzKiMqQgsCu06FPu9UdIJO0beYbPhHN4k6apgJtifcoCtT9bcxOpYBtpD2kCM6Sbzg4CausW/PKQ=="
    "resolved" "https://registry.npmjs.org/js-tokens/-/js-tokens-4.0.0.tgz"
    "version" "4.0.0"
  
  "jss-plugin-camel-case@^10.5.1":
    "integrity" "sha512-wgBPlL3WS0WDJ1lPJcgjux/SHnDuu7opmgQKSraKs4z8dCCyYMx9IDPFKBXQ8Q5dVYij1FFV0WdxyhuOOAXuTg=="
    "resolved" "https://registry.npmjs.org/jss-plugin-camel-case/-/jss-plugin-camel-case-10.9.2.tgz"
    "version" "10.9.2"
    dependencies:
      "@babel/runtime" "^7.3.1"
      "hyphenate-style-name" "^1.0.3"
      "jss" "10.9.2"
  
  "jss-plugin-default-unit@^10.5.1":
    "integrity" "sha512-pYg0QX3bBEFtTnmeSI3l7ad1vtHU42YEEpgW7pmIh+9pkWNWb5dwS/4onSfAaI0kq+dOZHzz4dWe+8vWnanoSg=="
    "resolved" "https://registry.npmjs.org/jss-plugin-default-unit/-/jss-plugin-default-unit-10.9.2.tgz"
    "version" "10.9.2"
    dependencies:
      "@babel/runtime" "^7.3.1"
      "jss" "10.9.2"
  
  "jss-plugin-global@^10.5.1":
    "integrity" "sha512-GcX0aE8Ef6AtlasVrafg1DItlL/tWHoC4cGir4r3gegbWwF5ZOBYhx04gurPvWHC8F873aEGqge7C17xpwmp2g=="
    "resolved" "https://registry.npmjs.org/jss-plugin-global/-/jss-plugin-global-10.9.2.tgz"
    "version" "10.9.2"
    dependencies:
      "@babel/runtime" "^7.3.1"
      "jss" "10.9.2"
  
  "jss-plugin-nested@^10.5.1":
    "integrity" "sha512-VgiOWIC6bvgDaAL97XCxGD0BxOKM0K0zeB/ECyNaVF6FqvdGB9KBBWRdy2STYAss4VVA7i5TbxFZN+WSX1kfQA=="
    "resolved" "https://registry.npmjs.org/jss-plugin-nested/-/jss-plugin-nested-10.9.2.tgz"
    "version" "10.9.2"
    dependencies:
      "@babel/runtime" "^7.3.1"
      "jss" "10.9.2"
      "tiny-warning" "^1.0.2"
  
  "jss-plugin-props-sort@^10.5.1":
    "integrity" "sha512-AP1AyUTbi2szylgr+O0OB7gkIxEGzySLITZ2GpsaoX72YMCGI2jYAc+WUhPfvUnZYiauF4zTnN4V4TGuvFjJlw=="
    "resolved" "https://registry.npmjs.org/jss-plugin-props-sort/-/jss-plugin-props-sort-10.9.2.tgz"
    "version" "10.9.2"
    dependencies:
      "@babel/runtime" "^7.3.1"
      "jss" "10.9.2"
  
  "jss-plugin-rule-value-function@^10.5.1":
    "integrity" "sha512-vf5ms8zvLFMub6swbNxvzsurHfUZ5Shy5aJB2gIpY6WNA3uLinEcxYyraQXItRHi5ivXGqYciFDRM2ZoVoRZ4Q=="
    "resolved" "https://registry.npmjs.org/jss-plugin-rule-value-function/-/jss-plugin-rule-value-function-10.9.2.tgz"
    "version" "10.9.2"
    dependencies:
      "@babel/runtime" "^7.3.1"
      "jss" "10.9.2"
      "tiny-warning" "^1.0.2"
  
  "jss-plugin-vendor-prefixer@^10.5.1":
    "integrity" "sha512-SxcEoH+Rttf9fEv6KkiPzLdXRmI6waOTcMkbbEFgdZLDYNIP9UKNHFy6thhbRKqv0XMQZdrEsbDyV464zE/dUA=="
    "resolved" "https://registry.npmjs.org/jss-plugin-vendor-prefixer/-/jss-plugin-vendor-prefixer-10.9.2.tgz"
    "version" "10.9.2"
    dependencies:
      "@babel/runtime" "^7.3.1"
      "css-vendor" "^2.0.8"
      "jss" "10.9.2"
  
  "jss@^10.5.1", "jss@10.9.2":
    "integrity" "sha512-b8G6rWpYLR4teTUbGd4I4EsnWjg7MN0Q5bSsjKhVkJVjhQDy2KzkbD2AW3TuT0RYZVmZZHKIrXDn6kjU14qkUg=="
    "resolved" "https://registry.npmjs.org/jss/-/jss-10.9.2.tgz"
    "version" "10.9.2"
    dependencies:
      "@babel/runtime" "^7.3.1"
      "csstype" "^3.0.2"
      "is-in-browser" "^1.1.3"
      "tiny-warning" "^1.0.2"
  
  "loose-envify@^1.1.0", "loose-envify@^1.4.0":
    "integrity" "sha512-lyuxPGr/Wfhrlem2CL/UcnUc1zcqKAImBDzukY7Y5F/yQiNdko6+fRLevlw1HgMySw7f611UIY408EtxRSoK3Q=="
    "resolved" "https://registry.npmjs.org/loose-envify/-/loose-envify-1.4.0.tgz"
    "version" "1.4.0"
    dependencies:
      "js-tokens" "^3.0.0 || ^4.0.0"
  
  "moment@^2.24.0", "moment@^2.29.1", "moment@^2.29.4":
    "integrity" "sha512-5LC9SOxjSc2HF6vO2CyuTDNivEdoz2IvyJJGj6X8DJ0eFyfszE0QiEd+iXmBvUP3WHxSjFH/vIsA0EN00cgr8w=="
    "resolved" "https://registry.npmjs.org/moment/-/moment-2.29.4.tgz"
    "version" "2.29.4"
  
  "object-assign@^4.1.1":
    "integrity" "sha512-rJgTQnkUnH1sFw8yT6VSU3zD3sWmu6sZhIseY8VX+GRu3P6F7Fu+JNDoXfklElbLJSnc3FUQHVe4cU5hj+BcUg=="
    "resolved" "https://registry.npmjs.org/object-assign/-/object-assign-4.1.1.tgz"
    "version" "4.1.1"
  
  "popper.js@1.16.1-lts":
    "integrity" "sha512-Kjw8nKRl1m+VrSFCoVGPph93W/qrSO7ZkqPpTf7F4bk/sqcfWK019dWBUpE/fBOsOQY1dks/Bmcbfn1heM/IsA=="
    "resolved" "https://registry.npmjs.org/popper.js/-/popper.js-1.16.1-lts.tgz"
    "version" "1.16.1-lts"
  
  "prop-types@^15.6.0", "prop-types@^15.6.2", "prop-types@^15.7.2", "prop-types@^15.8.1":
    "integrity" "sha512-oj87CgZICdulUohogVAR7AjlC0327U4el4L6eAvOqCeudMDVU0NThNaV+b9Df4dXgSP1gXMTnPdhfe/2qDH5cg=="
    "resolved" "https://registry.npmjs.org/prop-types/-/prop-types-15.8.1.tgz"
    "version" "15.8.1"
    dependencies:
      "loose-envify" "^1.4.0"
      "object-assign" "^4.1.1"
      "react-is" "^16.13.1"
  
  "react-dom@^16.8.0 || ^17.0.0", "react-dom@^17.0.0 || ^18.0.0", "react-dom@^17.0.2 || ^18.0.0", "react-dom@>=16.6.0":
    "integrity" "sha512-s4h96KtLDUQlsENhMn1ar8t2bEa+q/YAtj8pPPdIjPDGBDIVNsrD9aXNWqspUe6AzKCIG0C1HZZLqLV7qpOBGA=="
    "resolved" "https://registry.npmjs.org/react-dom/-/react-dom-17.0.2.tgz"
    "version" "17.0.2"
    dependencies:
      "loose-envify" "^1.1.0"
      "object-assign" "^4.1.1"
      "scheduler" "^0.20.2"
  
  "react-is@^16.13.1":
    "integrity" "sha512-24e6ynE2H+OKt4kqsOvNd8kBpV65zoxbA4BVsEOB3ARVWQki/DHzaUoC5KuON/BiccDaCCTZBuOcfZs70kR8bQ=="
    "resolved" "https://registry.npmjs.org/react-is/-/react-is-16.13.1.tgz"
    "version" "16.13.1"
  
  "react-is@^16.7.0":
    "integrity" "sha512-24e6ynE2H+OKt4kqsOvNd8kBpV65zoxbA4BVsEOB3ARVWQki/DHzaUoC5KuON/BiccDaCCTZBuOcfZs70kR8bQ=="
    "resolved" "https://registry.npmjs.org/react-is/-/react-is-16.13.1.tgz"
    "version" "16.13.1"
  
  "react-is@^16.8.0 || ^17.0.0":
    "integrity" "sha512-w2GsyukL62IJnlaff/nRegPQR94C/XXamvMWmSHRJ4y7Ts/4ocGRmTHvOs8PSE6pB3dWOrD/nueuU5sduBsQ4w=="
    "resolved" "https://registry.npmjs.org/react-is/-/react-is-17.0.2.tgz"
    "version" "17.0.2"
  
  "react-is@^18.2.0":
    "integrity" "sha512-xWGDIW6x921xtzPkhiULtthJHoJvBbF3q26fzloPCK0hsvxtPVelvftw3zjbHWSkR2km9Z+4uxbDDK/6Zw9B8w=="
    "resolved" "https://registry.npmjs.org/react-is/-/react-is-18.2.0.tgz"
    "version" "18.2.0"
  
  "react-transition-group@^4.0.0", "react-transition-group@^4.4.0", "react-transition-group@^4.4.5":
    "integrity" "sha512-pZcd1MCJoiKiBR2NRxeCRg13uCXbydPnmB4EOeRrY7480qNWO8IIgQG6zlDkm6uRMsURXPuKq0GWtiM59a5Q6g=="
    "resolved" "https://registry.npmjs.org/react-transition-group/-/react-transition-group-4.4.5.tgz"
    "version" "4.4.5"
    dependencies:
      "@babel/runtime" "^7.5.5"
      "dom-helpers" "^5.0.1"
      "loose-envify" "^1.4.0"
      "prop-types" "^15.6.2"
  
  "react@^16.8.0 || ^17.0.0", "react@^17.0.0 || ^18.0.0", "react@^17.0.2 || ^18.0.0", "react@>=16.6.0", "react@>=16.8", "react@17.0.2":
    "integrity" "sha512-gnhPt75i/dq/z3/6q/0asP78D0u592D5L1pd7M8P+dck6Fu/jJeL6iVVK23fptSUZj8Vjf++7wXA8UNclGQcbA=="
    "resolved" "https://registry.npmjs.org/react/-/react-17.0.2.tgz"
    "version" "17.0.2"
    dependencies:
      "loose-envify" "^1.1.0"
      "object-assign" "^4.1.1"
  
  "regenerator-runtime@^0.13.4":
    "integrity" "sha512-p3VT+cOEgxFsRRA9X4lkI1E+k2/CtnKtU4gcxyaCUreilL/vqI6CdZ3wxVUx3UOUg+gnUOQQcRI7BmSI656MYA=="
    "resolved" "https://registry.npmjs.org/regenerator-runtime/-/regenerator-runtime-0.13.9.tgz"
    "version" "0.13.9"
  
  "rifm@^0.12.1":
    "integrity" "sha512-OGA1Bitg/dSJtI/c4dh90svzaUPt228kzFsUkJbtA2c964IqEAwWXeL9ZJi86xWv3j5SMqRvGULl7bA6cK0Bvg=="
    "resolved" "https://registry.npmjs.org/rifm/-/rifm-0.12.1.tgz"
    "version" "0.12.1"
  
  "rifm@^0.7.0":
    "integrity" "sha512-DSOJTWHD67860I5ojetXdEQRIBvF6YcpNe53j0vn1vp9EUb9N80EiZTxgP+FkDKorWC8PZw052kTF4C1GOivCQ=="
    "resolved" "https://registry.npmjs.org/rifm/-/rifm-0.7.0.tgz"
    "version" "0.7.0"
    dependencies:
      "@babel/runtime" "^7.3.1"
  
  "scheduler@^0.20.2":
    "integrity" "sha512-2eWfGgAqqWFGqtdMmcL5zCMK1U8KlXv8SQFGglL3CEtd0aDVDWgeF/YoCmvln55m5zSk3J/20hTaSBeSObsQDQ=="
    "resolved" "https://registry.npmjs.org/scheduler/-/scheduler-0.20.2.tgz"
    "version" "0.20.2"
    dependencies:
      "loose-envify" "^1.1.0"
      "object-assign" "^4.1.1"
  
  "stylis@4.0.13":
    "integrity" "sha512-xGPXiFVl4YED9Jh7Euv2V220mriG9u4B2TA6Ybjc1catrstKD2PpIdU3U0RKpkVBC2EhmL/F0sPCr9vrFTNRag=="
    "resolved" "https://registry.npmjs.org/stylis/-/stylis-4.0.13.tgz"
    "version" "4.0.13"
  
  "tiny-warning@^1.0.2":
    "integrity" "sha512-lBN9zLN/oAf68o3zNXYrdCt1kP8WsiGW8Oo2ka41b2IM5JL/S1CTyX1rW0mb/zSuJun0ZUrDxx4sqvYS2FWzPA=="
    "resolved" "https://registry.npmjs.org/tiny-warning/-/tiny-warning-1.0.3.tgz"
    "version" "1.0.3"
